<?xml version="1.0" encoding="UTF-8"?>
<!-- Generated by org.testng.reporters.JUnitReportReporter -->
<testsuite hostname="DESKTOP-QN57SV0" failures="0" tests="1" name="com.inetBanking_Test_cases.TC_homepage_test_01" time="1.499" errors="0" timestamp="2020-11-14T15:42:49 EST" skipped="0">
  <testcase classname="com.inetBanking_Test_cases.TC_homepage_test_01" name="practic_page" time="1.499"/>
  <system-out/>
</testsuite> <!-- com.inetBanking_Test_cases.TC_homepage_test_01 -->
